-------------------------------------------------------------------------------
Test set: MyJUnitTest
-------------------------------------------------------------------------------
Tests run: 1, Failures: 1, Errors: 0, Skipped: 0, Time elapsed: 0.003 sec <<< FAILURE!
MyJUnitTest.testTearDown()  Time elapsed: 0.002 sec  <<< FAILURE!
java.lang.NullPointerException
	at MyJUnitTest.testTearDown(MyJUnitTest.java:31)

